<?xml version="1.0" encoding="UTF-8"?>
<testsuite xmlns:xsi="http://www.w3.org/2001/XMLSchema-instance" xsi:noNamespaceSchemaLocation="https://maven.apache.org/surefire/maven-surefire-plugin/xsd/surefire-test-report-3.0.xsd" version="3.0" name="com.showsync.repository.UserRepositoryTest" time="0.031" tests="3" errors="0" skipped="0" failures="0">
  <properties>
[...]
</properties>
  <testcase name="whenFindByUsername_thenReturnUser" classname="com.showsync.repository.UserRepositoryTest" time="0.01">
    <system-out><![CDATA[2025-06-12 18:01:50.916 [main] &amp#27;[34mINFO &amp#27;[0;39m &amp#27;[36mo.s.t.c.s.AnnotationConfigContextLoaderUtils&amp#27;[0;39m - Could not detect default configuration classes for test class [com.showsync.repository.UserRepositoryTest]: UserRepositoryTest does not declare any static, non-private, non-final, nested classes annotated with @Configuration.
2025-06-12 18:01:50.924 [main] &amp#27;[34mINFO &amp#27;[0;39m &amp#27;[36mo.s.b.t.c.SpringBootTestContextBootstrapper&amp#27;[0;39m - Found @SpringBootConfiguration com.showsync.ShowSyncApplication for test class com.showsync.repository.UserRepositoryTest
2025-06-12 18:01:50.931 [main] &amp#27;[39mDEBUG&amp#27;[0;39m &amp#27;[36morg.hibernate.SQL&amp#27;[0;39m - 
    /* insert for
        com.showsync.entity.User */insert 
    into
        users (bio, created_at, display_name, email, is_active, password, profile_picture_url, updated_at, username, id) 
    values
        (?, ?, ?, ?, ?, ?, ?, ?, ?, default)
Hibernate: 
    /* insert for
        com.showsync.entity.User */insert 
    into
        users (bio, created_at, display_name, email, is_active, password, profile_picture_url, updated_at, username, id) 
    values
        (?, ?, ?, ?, ?, ?, ?, ?, ?, default)
2025-06-12 18:01:50.934 [main] &amp#27;[39mDEBUG&amp#27;[0;39m &amp#27;[36morg.hibernate.SQL&amp#27;[0;39m - 
    /* <criteria> */ select
        u1_0.id,
        u1_0.bio,
        u1_0.created_at,
        u1_0.display_name,
        u1_0.email,
        u1_0.is_active,
        u1_0.password,
        u1_0.profile_picture_url,
        u1_0.updated_at,
        u1_0.username 
    from
        users u1_0 
    where
        u1_0.username=?
Hibernate: 
    /* <criteria> */ select
        u1_0.id,
        u1_0.bio,
        u1_0.created_at,
        u1_0.display_name,
        u1_0.email,
        u1_0.is_active,
        u1_0.password,
        u1_0.profile_picture_url,
        u1_0.updated_at,
        u1_0.username 
    from
        users u1_0 
    where
        u1_0.username=?
]]></system-out>
  </testcase>
  <testcase name="whenSaveUser_thenUserIsPersisted" classname="com.showsync.repository.UserRepositoryTest" time="0.005">
    <system-out><![CDATA[2025-06-12 18:01:50.938 [main] &amp#27;[39mDEBUG&amp#27;[0;39m &amp#27;[36morg.hibernate.SQL&amp#27;[0;39m - 
    /* insert for
        com.showsync.entity.User */insert 
    into
        users (bio, created_at, display_name, email, is_active, password, profile_picture_url, updated_at, username, id) 
    values
        (?, ?, ?, ?, ?, ?, ?, ?, ?, default)
Hibernate: 
    /* insert for
        com.showsync.entity.User */insert 
    into
        users (bio, created_at, display_name, email, is_active, password, profile_picture_url, updated_at, username, id) 
    values
        (?, ?, ?, ?, ?, ?, ?, ?, ?, default)
]]></system-out>
  </testcase>
  <testcase name="whenFindByEmail_thenReturnUser" classname="com.showsync.repository.UserRepositoryTest" time="0.005">
    <system-out><![CDATA[2025-06-12 18:01:50.944 [main] &amp#27;[39mDEBUG&amp#27;[0;39m &amp#27;[36morg.hibernate.SQL&amp#27;[0;39m - 
    /* insert for
        com.showsync.entity.User */insert 
    into
        users (bio, created_at, display_name, email, is_active, password, profile_picture_url, updated_at, username, id) 
    values
        (?, ?, ?, ?, ?, ?, ?, ?, ?, default)
Hibernate: 
    /* insert for
        com.showsync.entity.User */insert 
    into
        users (bio, created_at, display_name, email, is_active, password, profile_picture_url, updated_at, username, id) 
    values
        (?, ?, ?, ?, ?, ?, ?, ?, ?, default)
2025-06-12 18:01:50.946 [main] &amp#27;[39mDEBUG&amp#27;[0;39m &amp#27;[36morg.hibernate.SQL&amp#27;[0;39m - 
    /* <criteria> */ select
        u1_0.id,
        u1_0.bio,
        u1_0.created_at,
        u1_0.display_name,
        u1_0.email,
        u1_0.is_active,
        u1_0.password,
        u1_0.profile_picture_url,
        u1_0.updated_at,
        u1_0.username 
    from
        users u1_0 
    where
        u1_0.email=?
Hibernate: 
    /* <criteria> */ select
        u1_0.id,
        u1_0.bio,
        u1_0.created_at,
        u1_0.display_name,
        u1_0.email,
        u1_0.is_active,
        u1_0.password,
        u1_0.profile_picture_url,
        u1_0.updated_at,
        u1_0.username 
    from
        users u1_0 
    where
        u1_0.email=?
]]></system-out>
  </testcase>
</testsuite>