<?xml version="1.0" encoding="UTF-8"?>
<testsuite xmlns:xsi="http://www.w3.org/2001/XMLSchema-instance" xsi:noNamespaceSchemaLocation="https://maven.apache.org/surefire/maven-surefire-plugin/xsd/surefire-test-report-3.0.xsd" version="3.0" name="com.showsync.repository.MediaRepositoryTest" time="3.052" tests="3" errors="0" skipped="0" failures="0">
  <properties>
[...]
</properties>
  <testcase name="whenSaveMedia_thenMediaIsPersisted" classname="com.showsync.repository.MediaRepositoryTest" time="0.471">
    <system-out><![CDATA[18:01:47.996 [main] INFO org.springframework.test.context.support.AnnotationConfigContextLoaderUtils -- Could not detect default configuration classes for test class [com.showsync.repository.MediaRepositoryTest]: MediaRepositoryTest does not declare any static, non-private, non-final, nested classes annotated with @Configuration.
18:01:48.084 [main] INFO org.springframework.boot.test.context.SpringBootTestContextBootstrapper -- Found @SpringBootConfiguration com.showsync.ShowSyncApplication for test class com.showsync.repository.MediaRepositoryTest
18:01:48.136 [main] INFO org.springframework.boot.devtools.restart.RestartApplicationListener -- Restart disabled due to context in which it is running

  .   ____          _            __ _ _
 /\\ / ___'_ __ _ _(_)_ __  __ _ \ \ \ \
( ( )\___ | '_ | '_| | '_ \/ _` | \ \ \ \
 \\/  ___)| |_)| | | | | || (_| |  ) ) ) )
  '  |____| .__|_| |_|_| |_\__, | / / / /
 =========|_|==============|___/=/_/_/_/
 :: Spring Boot ::                (v3.2.0)

2025-06-12 18:01:48.443 [main] &amp#27;[34mINFO &amp#27;[0;39m &amp#27;[36mc.s.repository.MediaRepositoryTest&amp#27;[0;39m - Starting MediaRepositoryTest using Java 21.0.4 with PID 91426 (started by Ramez in /Users/Ramez/PROJECTS/ShowSync)
2025-06-12 18:01:48.444 [main] &amp#27;[39mDEBUG&amp#27;[0;39m &amp#27;[36mc.s.repository.MediaRepositoryTest&amp#27;[0;39m - Running with Spring Boot v3.2.0, Spring v6.1.1
2025-06-12 18:01:48.444 [main] &amp#27;[34mINFO &amp#27;[0;39m &amp#27;[36mc.s.repository.MediaRepositoryTest&amp#27;[0;39m - The following 1 profile is active: "test"
2025-06-12 18:01:48.676 [main] &amp#27;[34mINFO &amp#27;[0;39m &amp#27;[36mo.s.d.r.c.RepositoryConfigurationDelegate&amp#27;[0;39m - Multiple Spring Data modules found, entering strict repository configuration mode
2025-06-12 18:01:48.677 [main] &amp#27;[34mINFO &amp#27;[0;39m &amp#27;[36mo.s.d.r.c.RepositoryConfigurationDelegate&amp#27;[0;39m - Bootstrapping Spring Data JPA repositories in DEFAULT mode.
2025-06-12 18:01:48.779 [main] &amp#27;[34mINFO &amp#27;[0;39m &amp#27;[36mo.s.d.r.c.RepositoryConfigurationDelegate&amp#27;[0;39m - Finished Spring Data repository scanning in 98 ms. Found 3 JPA repository interfaces.
2025-06-12 18:01:48.804 [main] &amp#27;[34mINFO &amp#27;[0;39m &amp#27;[36mo.s.b.t.a.j.TestDatabaseAutoConfiguration$EmbeddedDataSourceBeanFactoryPostProcessor&amp#27;[0;39m - Replacing 'dataSource' DataSource bean with embedded version
2025-06-12 18:01:48.907 [main] &amp#27;[34mINFO &amp#27;[0;39m &amp#27;[36mo.s.j.d.e.EmbeddedDatabaseFactory&amp#27;[0;39m - Starting embedded database: url='jdbc:h2:mem:c53ef128-78bf-4620-90fb-32a97161471f;DB_CLOSE_DELAY=-1;DB_CLOSE_ON_EXIT=false', username='sa'
2025-06-12 18:01:49.146 [main] &amp#27;[34mINFO &amp#27;[0;39m &amp#27;[36mo.h.jpa.internal.util.LogHelper&amp#27;[0;39m - HHH000204: Processing PersistenceUnitInfo [name: default]
2025-06-12 18:01:49.182 [main] &amp#27;[34mINFO &amp#27;[0;39m &amp#27;[36morg.hibernate.Version&amp#27;[0;39m - HHH000412: Hibernate ORM core version 6.3.1.Final
2025-06-12 18:01:49.202 [main] &amp#27;[34mINFO &amp#27;[0;39m &amp#27;[36mo.h.c.i.RegionFactoryInitiator&amp#27;[0;39m - HHH000026: Second-level cache disabled
2025-06-12 18:01:49.351 [main] &amp#27;[34mINFO &amp#27;[0;39m &amp#27;[36mo.s.o.j.p.SpringPersistenceUnitInfo&amp#27;[0;39m - No LoadTimeWeaver setup: ignoring JPA class transformer
2025-06-12 18:01:49.380 [main] &amp#27;[31mWARN &amp#27;[0;39m &amp#27;[36morg.hibernate.orm.deprecation&amp#27;[0;39m - HHH90000025: H2Dialect does not need to be specified explicitly using 'hibernate.dialect' (remove the property setting and it will be selected by default)
2025-06-12 18:01:49.998 [main] &amp#27;[34mINFO &amp#27;[0;39m &amp#27;[36mo.h.e.t.j.p.i.JtaPlatformInitiator&amp#27;[0;39m - HHH000489: No JTA platform available (set 'hibernate.transaction.jta.platform' to enable JTA platform integration)
2025-06-12 18:01:50.007 [main] &amp#27;[39mDEBUG&amp#27;[0;39m &amp#27;[36morg.hibernate.SQL&amp#27;[0;39m - 
    drop table if exists media cascade 
Hibernate: 
    drop table if exists media cascade 
2025-06-12 18:01:50.010 [main] &amp#27;[39mDEBUG&amp#27;[0;39m &amp#27;[36morg.hibernate.SQL&amp#27;[0;39m - 
    drop table if exists user_media_interactions cascade 
Hibernate: 
    drop table if exists user_media_interactions cascade 
2025-06-12 18:01:50.011 [main] &amp#27;[39mDEBUG&amp#27;[0;39m &amp#27;[36morg.hibernate.SQL&amp#27;[0;39m - 
    drop table if exists users cascade 
Hibernate: 
    drop table if exists users cascade 
2025-06-12 18:01:50.014 [main] &amp#27;[39mDEBUG&amp#27;[0;39m &amp#27;[36morg.hibernate.SQL&amp#27;[0;39m - 
    create table media (
        average_rating float(53),
        rating_count integer,
        created_at timestamp(6) not null,
        id bigint generated by default as identity,
        release_date timestamp(6),
        updated_at timestamp(6) not null,
        description varchar(2000),
        backdrop_url varchar(255),
        external_id varchar(255),
        external_source varchar(255),
        original_title varchar(255),
        poster_url varchar(255),
        title varchar(255) not null,
        type varchar(255) not null check (type in ('MOVIE','TV_SHOW','BOOK')),
        primary key (id)
    )
Hibernate: 
    create table media (
        average_rating float(53),
        rating_count integer,
        created_at timestamp(6) not null,
        id bigint generated by default as identity,
        release_date timestamp(6),
        updated_at timestamp(6) not null,
        description varchar(2000),
        backdrop_url varchar(255),
        external_id varchar(255),
        external_source varchar(255),
        original_title varchar(255),
        poster_url varchar(255),
        title varchar(255) not null,
        type varchar(255) not null check (type in ('MOVIE','TV_SHOW','BOOK')),
        primary key (id)
    )
2025-06-12 18:01:50.024 [main] &amp#27;[39mDEBUG&amp#27;[0;39m &amp#27;[36morg.hibernate.SQL&amp#27;[0;39m - 
    create table user_media_interactions (
        is_favorite boolean,
        progress integer,
        rating integer,
        created_at timestamp(6) not null,
        id bigint generated by default as identity,
        media_id bigint not null,
        updated_at timestamp(6) not null,
        user_id bigint not null,
        review varchar(2000),
        status varchar(255) not null check (status in ('PLAN_TO_WATCH','WATCHING','COMPLETED','DROPPED','ON_HOLD')),
        primary key (id)
    )
Hibernate: 
    create table user_media_interactions (
        is_favorite boolean,
        progress integer,
        rating integer,
        created_at timestamp(6) not null,
        id bigint generated by default as identity,
        media_id bigint not null,
        updated_at timestamp(6) not null,
        user_id bigint not null,
        review varchar(2000),
        status varchar(255) not null check (status in ('PLAN_TO_WATCH','WATCHING','COMPLETED','DROPPED','ON_HOLD')),
        primary key (id)
    )
2025-06-12 18:01:50.026 [main] &amp#27;[39mDEBUG&amp#27;[0;39m &amp#27;[36morg.hibernate.SQL&amp#27;[0;39m - 
    create table users (
        is_active boolean not null,
        created_at timestamp(6) not null,
        id bigint generated by default as identity,
        updated_at timestamp(6) not null,
        bio varchar(500),
        display_name varchar(255),
        email varchar(255) not null unique,
        password varchar(255) not null,
        profile_picture_url varchar(255),
        username varchar(255) not null unique,
        primary key (id)
    )
Hibernate: 
    create table users (
        is_active boolean not null,
        created_at timestamp(6) not null,
        id bigint generated by default as identity,
        updated_at timestamp(6) not null,
        bio varchar(500),
        display_name varchar(255),
        email varchar(255) not null unique,
        password varchar(255) not null,
        profile_picture_url varchar(255),
        username varchar(255) not null unique,
        primary key (id)
    )
2025-06-12 18:01:50.028 [main] &amp#27;[39mDEBUG&amp#27;[0;39m &amp#27;[36morg.hibernate.SQL&amp#27;[0;39m - 
    alter table if exists user_media_interactions 
       add constraint FKmvaa6w3foc1qty3dom5lpn70o 
       foreign key (media_id) 
       references media
Hibernate: 
    alter table if exists user_media_interactions 
       add constraint FKmvaa6w3foc1qty3dom5lpn70o 
       foreign key (media_id) 
       references media
2025-06-12 18:01:50.035 [main] &amp#27;[39mDEBUG&amp#27;[0;39m &amp#27;[36morg.hibernate.SQL&amp#27;[0;39m - 
    alter table if exists user_media_interactions 
       add constraint FK7wg8trpoxjhld0be154nmqa58 
       foreign key (user_id) 
       references users
Hibernate: 
    alter table if exists user_media_interactions 
       add constraint FK7wg8trpoxjhld0be154nmqa58 
       foreign key (user_id) 
       references users
2025-06-12 18:01:50.039 [main] &amp#27;[34mINFO &amp#27;[0;39m &amp#27;[36mo.s.o.j.LocalContainerEntityManagerFactoryBean&amp#27;[0;39m - Initialized JPA EntityManagerFactory for persistence unit 'default'
2025-06-12 18:01:50.337 [main] &amp#27;[34mINFO &amp#27;[0;39m &amp#27;[36mc.s.repository.MediaRepositoryTest&amp#27;[0;39m - Started MediaRepositoryTest in 2.207 seconds (process running for 2.975)
2025-06-12 18:01:50.752 [main] &amp#27;[39mDEBUG&amp#27;[0;39m &amp#27;[36morg.hibernate.SQL&amp#27;[0;39m - 
    /* insert for
        com.showsync.entity.Media */insert 
    into
        media (average_rating, backdrop_url, created_at, description, external_id, external_source, original_title, poster_url, rating_count, release_date, title, type, updated_at, id) 
    values
        (?, ?, ?, ?, ?, ?, ?, ?, ?, ?, ?, ?, ?, default)
Hibernate: 
    /* insert for
        com.showsync.entity.Media */insert 
    into
        media (average_rating, backdrop_url, created_at, description, external_id, external_source, original_title, poster_url, rating_count, release_date, title, type, updated_at, id) 
    values
        (?, ?, ?, ?, ?, ?, ?, ?, ?, ?, ?, ?, ?, default)
]]></system-out>
    <system-err><![CDATA[WARNING: A Java agent has been loaded dynamically (/Users/Ramez/.m2/repository/net/bytebuddy/byte-buddy-agent/1.14.10/byte-buddy-agent-1.14.10.jar)
WARNING: If a serviceability tool is in use, please run with -XX:+EnableDynamicAgentLoading to hide this warning
WARNING: If a serviceability tool is not in use, please run with -Djdk.instrument.traceUsage for more information
WARNING: Dynamic loading of agents will be disallowed by default in a future release
]]></system-err>
  </testcase>
  <testcase name="whenFindByExternalIdAndSource_thenReturnMedia" classname="com.showsync.repository.MediaRepositoryTest" time="0.082">
    <system-out><![CDATA[2025-06-12 18:01:50.821 [main] &amp#27;[39mDEBUG&amp#27;[0;39m &amp#27;[36morg.hibernate.SQL&amp#27;[0;39m - 
    /* insert for
        com.showsync.entity.Media */insert 
    into
        media (average_rating, backdrop_url, created_at, description, external_id, external_source, original_title, poster_url, rating_count, release_date, title, type, updated_at, id) 
    values
        (?, ?, ?, ?, ?, ?, ?, ?, ?, ?, ?, ?, ?, default)
Hibernate: 
    /* insert for
        com.showsync.entity.Media */insert 
    into
        media (average_rating, backdrop_url, created_at, description, external_id, external_source, original_title, poster_url, rating_count, release_date, title, type, updated_at, id) 
    values
        (?, ?, ?, ?, ?, ?, ?, ?, ?, ?, ?, ?, ?, default)
2025-06-12 18:01:50.897 [main] &amp#27;[39mDEBUG&amp#27;[0;39m &amp#27;[36morg.hibernate.SQL&amp#27;[0;39m - 
    /* <criteria> */ select
        m1_0.id,
        m1_0.average_rating,
        m1_0.backdrop_url,
        m1_0.created_at,
        m1_0.description,
        m1_0.external_id,
        m1_0.external_source,
        m1_0.original_title,
        m1_0.poster_url,
        m1_0.rating_count,
        m1_0.release_date,
        m1_0.title,
        m1_0.type,
        m1_0.updated_at 
    from
        media m1_0 
    where
        m1_0.external_id=? 
        and m1_0.external_source=?
Hibernate: 
    /* <criteria> */ select
        m1_0.id,
        m1_0.average_rating,
        m1_0.backdrop_url,
        m1_0.created_at,
        m1_0.description,
        m1_0.external_id,
        m1_0.external_source,
        m1_0.original_title,
        m1_0.poster_url,
        m1_0.rating_count,
        m1_0.release_date,
        m1_0.title,
        m1_0.type,
        m1_0.updated_at 
    from
        media m1_0 
    where
        m1_0.external_id=? 
        and m1_0.external_source=?
]]></system-out>
  </testcase>
  <testcase name="whenFindByType_thenReturnMediaList" classname="com.showsync.repository.MediaRepositoryTest" time="0.011">
    <system-out><![CDATA[2025-06-12 18:01:50.903 [main] &amp#27;[39mDEBUG&amp#27;[0;39m &amp#27;[36morg.hibernate.SQL&amp#27;[0;39m - 
    /* insert for
        com.showsync.entity.Media */insert 
    into
        media (average_rating, backdrop_url, created_at, description, external_id, external_source, original_title, poster_url, rating_count, release_date, title, type, updated_at, id) 
    values
        (?, ?, ?, ?, ?, ?, ?, ?, ?, ?, ?, ?, ?, default)
Hibernate: 
    /* insert for
        com.showsync.entity.Media */insert 
    into
        media (average_rating, backdrop_url, created_at, description, external_id, external_source, original_title, poster_url, rating_count, release_date, title, type, updated_at, id) 
    values
        (?, ?, ?, ?, ?, ?, ?, ?, ?, ?, ?, ?, ?, default)
2025-06-12 18:01:50.905 [main] &amp#27;[39mDEBUG&amp#27;[0;39m &amp#27;[36morg.hibernate.SQL&amp#27;[0;39m - 
    /* insert for
        com.showsync.entity.Media */insert 
    into
        media (average_rating, backdrop_url, created_at, description, external_id, external_source, original_title, poster_url, rating_count, release_date, title, type, updated_at, id) 
    values
        (?, ?, ?, ?, ?, ?, ?, ?, ?, ?, ?, ?, ?, default)
Hibernate: 
    /* insert for
        com.showsync.entity.Media */insert 
    into
        media (average_rating, backdrop_url, created_at, description, external_id, external_source, original_title, poster_url, rating_count, release_date, title, type, updated_at, id) 
    values
        (?, ?, ?, ?, ?, ?, ?, ?, ?, ?, ?, ?, ?, default)
2025-06-12 18:01:50.907 [main] &amp#27;[39mDEBUG&amp#27;[0;39m &amp#27;[36morg.hibernate.SQL&amp#27;[0;39m - 
    /* <criteria> */ select
        m1_0.id,
        m1_0.average_rating,
        m1_0.backdrop_url,
        m1_0.created_at,
        m1_0.description,
        m1_0.external_id,
        m1_0.external_source,
        m1_0.original_title,
        m1_0.poster_url,
        m1_0.rating_count,
        m1_0.release_date,
        m1_0.title,
        m1_0.type,
        m1_0.updated_at 
    from
        media m1_0 
    where
        m1_0.type=?
Hibernate: 
    /* <criteria> */ select
        m1_0.id,
        m1_0.average_rating,
        m1_0.backdrop_url,
        m1_0.created_at,
        m1_0.description,
        m1_0.external_id,
        m1_0.external_source,
        m1_0.original_title,
        m1_0.poster_url,
        m1_0.rating_count,
        m1_0.release_date,
        m1_0.title,
        m1_0.type,
        m1_0.updated_at 
    from
        media m1_0 
    where
        m1_0.type=?
]]></system-out>
  </testcase>
</testsuite>